2022.05.19 at 10:37:06 CST DEBUG org.springframework.context.support.AbstractApplicationContext 629 prepareRefresh - Refreshing org.springframework.context.support.ClassPathXmlApplicationContext@2638011
2022.05.19 at 10:37:06 CST DEBUG org.springframework.context.annotation.ClassPathScanningCandidateComponentProvider 435 scanCandidateComponents - Identified candidate component class: file [C:\Users\ÍõÖÇ·æ\eclipse-workspace\vts\target\classes\xyz\crud1024\controller\GroupController.class]
2022.05.19 at 10:37:06 CST DEBUG org.springframework.context.annotation.ClassPathScanningCandidateComponentProvider 435 scanCandidateComponents - Identified candidate component class: file [C:\Users\ÍõÖÇ·æ\eclipse-workspace\vts\target\classes\xyz\crud1024\controller\IndexController.class]
2022.05.19 at 10:37:06 CST DEBUG org.springframework.context.annotation.ClassPathScanningCandidateComponentProvider 435 scanCandidateComponents - Identified candidate component class: file [C:\Users\ÍõÖÇ·æ\eclipse-workspace\vts\target\classes\xyz\crud1024\controller\NumController.class]
2022.05.19 at 10:37:06 CST DEBUG org.springframework.context.annotation.ClassPathScanningCandidateComponentProvider 435 scanCandidateComponents - Identified candidate component class: file [C:\Users\ÍõÖÇ·æ\eclipse-workspace\vts\target\classes\xyz\crud1024\controller\PersonController.class]
2022.05.19 at 10:37:06 CST DEBUG org.springframework.context.annotation.ClassPathScanningCandidateComponentProvider 435 scanCandidateComponents - Identified candidate component class: file [C:\Users\ÍõÖÇ·æ\eclipse-workspace\vts\target\classes\xyz\crud1024\controller\ScoreController.class]
2022.05.19 at 10:37:06 CST DEBUG org.springframework.context.annotation.ClassPathScanningCandidateComponentProvider 435 scanCandidateComponents - Identified candidate component class: file [C:\Users\ÍõÖÇ·æ\eclipse-workspace\vts\target\classes\xyz\crud1024\service\impl\GroupServiceImpl.class]
2022.05.19 at 10:37:06 CST DEBUG org.springframework.context.annotation.ClassPathScanningCandidateComponentProvider 435 scanCandidateComponents - Identified candidate component class: file [C:\Users\ÍõÖÇ·æ\eclipse-workspace\vts\target\classes\xyz\crud1024\service\impl\NumServiceImpl.class]
2022.05.19 at 10:37:06 CST DEBUG org.springframework.context.annotation.ClassPathScanningCandidateComponentProvider 435 scanCandidateComponents - Identified candidate component class: file [C:\Users\ÍõÖÇ·æ\eclipse-workspace\vts\target\classes\xyz\crud1024\service\impl\PersonServiceImpl.class]
2022.05.19 at 10:37:06 CST DEBUG org.springframework.context.annotation.ClassPathScanningCandidateComponentProvider 435 scanCandidateComponents - Identified candidate component class: file [C:\Users\ÍõÖÇ·æ\eclipse-workspace\vts\target\classes\xyz\crud1024\service\impl\ScoreServiceImpl.class]
2022.05.19 at 10:37:07 CST DEBUG org.springframework.beans.factory.xml.XmlBeanDefinitionReader 393 doLoadBeanDefinitions - Loaded 22 bean definitions from class path resource [applicationContext.xml]
2022.05.19 at 10:37:07 CST DEBUG org.springframework.beans.factory.support.DefaultSingletonBeanRegistry 225 getSingleton - Creating shared instance of singleton bean 'org.springframework.context.annotation.internalConfigurationAnnotationProcessor'
2022.05.19 at 10:37:07 CST DEBUG org.springframework.beans.factory.support.DefaultSingletonBeanRegistry 225 getSingleton - Creating shared instance of singleton bean 'org.mybatis.spring.mapper.MapperScannerConfigurer#0'
2022.05.19 at 10:37:07 CST DEBUG org.apache.ibatis.logging.commons.JakartaCommonsLoggingImpl 54 debug - Logging initialized using 'class org.apache.ibatis.logging.commons.JakartaCommonsLoggingImpl' adapter.
2022.05.19 at 10:37:07 CST DEBUG org.springframework.context.annotation.ClassPathScanningCandidateComponentProvider 435 scanCandidateComponents - Identified candidate component class: file [C:\Users\ÍõÖÇ·æ\eclipse-workspace\vts\target\classes\xyz\crud1024\dao\GroupMapper.class]
2022.05.19 at 10:37:07 CST DEBUG org.springframework.context.annotation.ClassPathScanningCandidateComponentProvider 435 scanCandidateComponents - Identified candidate component class: file [C:\Users\ÍõÖÇ·æ\eclipse-workspace\vts\target\classes\xyz\crud1024\dao\NumMapper.class]
2022.05.19 at 10:37:07 CST DEBUG org.springframework.context.annotation.ClassPathScanningCandidateComponentProvider 435 scanCandidateComponents - Identified candidate component class: file [C:\Users\ÍõÖÇ·æ\eclipse-workspace\vts\target\classes\xyz\crud1024\dao\PersonMapper.class]
2022.05.19 at 10:37:07 CST DEBUG org.springframework.context.annotation.ClassPathScanningCandidateComponentProvider 435 scanCandidateComponents - Identified candidate component class: file [C:\Users\ÍõÖÇ·æ\eclipse-workspace\vts\target\classes\xyz\crud1024\dao\ScoreMapper.class]
2022.05.19 at 10:37:07 CST DEBUG org.apache.ibatis.logging.commons.JakartaCommonsLoggingImpl 54 debug - Creating MapperFactoryBean with name 'groupMapper' and 'xyz.crud1024.dao.GroupMapper' mapperInterface
2022.05.19 at 10:37:07 CST DEBUG org.apache.ibatis.logging.commons.JakartaCommonsLoggingImpl 54 debug - Enabling autowire by type for MapperFactoryBean with name 'groupMapper'.
2022.05.19 at 10:37:07 CST DEBUG org.apache.ibatis.logging.commons.JakartaCommonsLoggingImpl 54 debug - Creating MapperFactoryBean with name 'numMapper' and 'xyz.crud1024.dao.NumMapper' mapperInterface
2022.05.19 at 10:37:07 CST DEBUG org.apache.ibatis.logging.commons.JakartaCommonsLoggingImpl 54 debug - Enabling autowire by type for MapperFactoryBean with name 'numMapper'.
2022.05.19 at 10:37:07 CST DEBUG org.apache.ibatis.logging.commons.JakartaCommonsLoggingImpl 54 debug - Creating MapperFactoryBean with name 'personMapper' and 'xyz.crud1024.dao.PersonMapper' mapperInterface
2022.05.19 at 10:37:07 CST DEBUG org.apache.ibatis.logging.commons.JakartaCommonsLoggingImpl 54 debug - Enabling autowire by type for MapperFactoryBean with name 'personMapper'.
2022.05.19 at 10:37:07 CST DEBUG org.apache.ibatis.logging.commons.JakartaCommonsLoggingImpl 54 debug - Creating MapperFactoryBean with name 'scoreMapper' and 'xyz.crud1024.dao.ScoreMapper' mapperInterface
2022.05.19 at 10:37:07 CST DEBUG org.apache.ibatis.logging.commons.JakartaCommonsLoggingImpl 54 debug - Enabling autowire by type for MapperFactoryBean with name 'scoreMapper'.
2022.05.19 at 10:37:07 CST DEBUG org.springframework.beans.factory.support.DefaultSingletonBeanRegistry 225 getSingleton - Creating shared instance of singleton bean 'org.springframework.context.event.internalEventListenerProcessor'
2022.05.19 at 10:37:07 CST DEBUG org.springframework.beans.factory.support.DefaultSingletonBeanRegistry 225 getSingleton - Creating shared instance of singleton bean 'org.springframework.context.event.internalEventListenerFactory'
2022.05.19 at 10:37:07 CST DEBUG org.springframework.beans.factory.support.DefaultSingletonBeanRegistry 225 getSingleton - Creating shared instance of singleton bean 'org.springframework.context.annotation.internalAutowiredAnnotationProcessor'
2022.05.19 at 10:37:07 CST DEBUG org.springframework.beans.factory.support.DefaultSingletonBeanRegistry 225 getSingleton - Creating shared instance of singleton bean 'org.springframework.context.annotation.internalCommonAnnotationProcessor'
2022.05.19 at 10:37:07 CST DEBUG org.springframework.beans.factory.support.DefaultSingletonBeanRegistry 225 getSingleton - Creating shared instance of singleton bean 'org.springframework.aop.config.internalAutoProxyCreator'
2022.05.19 at 10:37:07 CST DEBUG org.springframework.beans.factory.support.DefaultSingletonBeanRegistry 225 getSingleton - Creating shared instance of singleton bean 'groupController'
2022.05.19 at 10:37:07 CST DEBUG org.springframework.beans.factory.support.DefaultSingletonBeanRegistry 225 getSingleton - Creating shared instance of singleton bean 'org.springframework.aop.support.DefaultBeanFactoryPointcutAdvisor#0'
2022.05.19 at 10:37:07 CST DEBUG org.springframework.beans.factory.support.DefaultSingletonBeanRegistry 225 getSingleton - Creating shared instance of singleton bean 'groupService'
2022.05.19 at 10:37:07 CST DEBUG org.springframework.beans.factory.support.DefaultSingletonBeanRegistry 225 getSingleton - Creating shared instance of singleton bean 'groupMapper'
2022.05.19 at 10:37:07 CST DEBUG org.springframework.beans.factory.support.DefaultSingletonBeanRegistry 225 getSingleton - Creating shared instance of singleton bean 'factory'
2022.05.19 at 10:37:07 CST DEBUG org.springframework.beans.factory.support.DefaultSingletonBeanRegistry 225 getSingleton - Creating shared instance of singleton bean 'dataSource'
2022.05.19 at 10:37:07 CST DEBUG org.springframework.jdbc.datasource.DriverManagerDataSource 134 setDriverClassName - Loaded JDBC driver: com.mysql.cj.jdbc.Driver
2022.05.19 at 10:37:07 CST DEBUG org.apache.ibatis.logging.commons.JakartaCommonsLoggingImpl 54 debug - Parsed configuration file: 'class path resource [mybatis-config.xml]'
2022.05.19 at 10:37:07 CST DEBUG org.apache.ibatis.logging.commons.JakartaCommonsLoggingImpl 54 debug - Parsed mapper file: 'file [C:\Users\ÍõÖÇ·æ\eclipse-workspace\vts\target\classes\mapper\groupMapper.xml]'
2022.05.19 at 10:37:07 CST DEBUG org.apache.ibatis.logging.commons.JakartaCommonsLoggingImpl 54 debug - Parsed mapper file: 'file [C:\Users\ÍõÖÇ·æ\eclipse-workspace\vts\target\classes\mapper\numMapper.xml]'
2022.05.19 at 10:37:07 CST DEBUG org.apache.ibatis.logging.commons.JakartaCommonsLoggingImpl 54 debug - Parsed mapper file: 'file [C:\Users\ÍõÖÇ·æ\eclipse-workspace\vts\target\classes\mapper\personMapper.xml]'
2022.05.19 at 10:37:07 CST DEBUG org.apache.ibatis.logging.commons.JakartaCommonsLoggingImpl 54 debug - Parsed mapper file: 'file [C:\Users\ÍõÖÇ·æ\eclipse-workspace\vts\target\classes\mapper\scoreMapper.xml]'
2022.05.19 at 10:37:07 CST DEBUG org.springframework.beans.factory.support.DefaultSingletonBeanRegistry 225 getSingleton - Creating shared instance of singleton bean 'txAdvice'
2022.05.19 at 10:37:07 CST DEBUG org.springframework.beans.factory.support.DefaultSingletonBeanRegistry 225 getSingleton - Creating shared instance of singleton bean 'transactionManager'
2022.05.19 at 10:37:07 CST DEBUG org.springframework.transaction.interceptor.NameMatchTransactionAttributeSource 102 addTransactionalMethod - Adding transactional method [*] with attribute [PROPAGATION_REQUIRED,ISOLATION_DEFAULT]
2022.05.19 at 10:37:07 CST DEBUG org.springframework.beans.factory.support.DefaultSingletonBeanRegistry 225 getSingleton - Creating shared instance of singleton bean 'indexController'
2022.05.19 at 10:37:07 CST DEBUG org.springframework.beans.factory.support.DefaultSingletonBeanRegistry 225 getSingleton - Creating shared instance of singleton bean 'personService'
2022.05.19 at 10:37:07 CST DEBUG org.springframework.beans.factory.support.DefaultSingletonBeanRegistry 225 getSingleton - Creating shared instance of singleton bean 'personMapper'
2022.05.19 at 10:37:07 CST DEBUG org.springframework.beans.factory.support.DefaultSingletonBeanRegistry 225 getSingleton - Creating shared instance of singleton bean 'scoreService'
2022.05.19 at 10:37:07 CST DEBUG org.springframework.beans.factory.support.DefaultSingletonBeanRegistry 225 getSingleton - Creating shared instance of singleton bean 'scoreMapper'
2022.05.19 at 10:37:07 CST DEBUG org.springframework.beans.factory.support.DefaultSingletonBeanRegistry 225 getSingleton - Creating shared instance of singleton bean 'numController'
2022.05.19 at 10:37:07 CST DEBUG org.springframework.beans.factory.support.DefaultSingletonBeanRegistry 225 getSingleton - Creating shared instance of singleton bean 'numService'
2022.05.19 at 10:37:07 CST DEBUG org.springframework.beans.factory.support.DefaultSingletonBeanRegistry 225 getSingleton - Creating shared instance of singleton bean 'numMapper'
2022.05.19 at 10:37:07 CST DEBUG org.springframework.beans.factory.support.DefaultSingletonBeanRegistry 225 getSingleton - Creating shared instance of singleton bean 'personController'
2022.05.19 at 10:37:07 CST DEBUG org.springframework.beans.factory.support.DefaultSingletonBeanRegistry 225 getSingleton - Creating shared instance of singleton bean 'scoreController'
2022.05.19 at 10:37:07 CST DEBUG org.springframework.transaction.support.AbstractPlatformTransactionManager 370 getTransaction - Creating new transaction with name [xyz.crud1024.service.impl.ScoreServiceImpl.findOfAllNum]: PROPAGATION_REQUIRED,ISOLATION_DEFAULT
2022.05.19 at 10:37:07 CST DEBUG org.springframework.jdbc.datasource.DriverManagerDataSource 144 getConnectionFromDriver - Creating new JDBC DriverManager Connection to [jdbc:mysql://localhost:3306/vtsdb?serverTimezone=UTC]
2022.05.19 at 10:37:07 CST DEBUG org.springframework.jdbc.datasource.DataSourceTransactionManager 267 doBegin - Acquired Connection [com.mysql.cj.jdbc.ConnectionImpl@251f7d26] for JDBC transaction
2022.05.19 at 10:37:07 CST DEBUG org.springframework.jdbc.datasource.DataSourceTransactionManager 285 doBegin - Switching JDBC Connection [com.mysql.cj.jdbc.ConnectionImpl@251f7d26] to manual commit
2022.05.19 at 10:37:07 CST DEBUG org.apache.ibatis.logging.commons.JakartaCommonsLoggingImpl 54 debug - Creating a new SqlSession
2022.05.19 at 10:37:07 CST DEBUG org.apache.ibatis.logging.commons.JakartaCommonsLoggingImpl 54 debug - Registering transaction synchronization for SqlSession [org.apache.ibatis.session.defaults.DefaultSqlSession@54e7391d]
2022.05.19 at 10:37:07 CST DEBUG org.apache.ibatis.logging.commons.JakartaCommonsLoggingImpl 54 debug - JDBC Connection [com.mysql.cj.jdbc.ConnectionImpl@251f7d26] will be managed by Spring
2022.05.19 at 10:37:07 CST DEBUG org.apache.ibatis.logging.commons.JakartaCommonsLoggingImpl 54 debug - ==>  Preparing: SELECT score.s_cid FROM score WHERE score.s_gid = ? GROUP BY score.s_cid 
2022.05.19 at 10:37:07 CST DEBUG org.apache.ibatis.logging.commons.JakartaCommonsLoggingImpl 54 debug - ==> Parameters: 1(Integer)
2022.05.19 at 10:37:08 CST DEBUG org.apache.ibatis.logging.commons.JakartaCommonsLoggingImpl 54 debug - <==      Total: 5
2022.05.19 at 10:37:08 CST DEBUG org.apache.ibatis.logging.commons.JakartaCommonsLoggingImpl 54 debug - Releasing transactional SqlSession [org.apache.ibatis.session.defaults.DefaultSqlSession@54e7391d]
2022.05.19 at 10:37:08 CST DEBUG org.apache.ibatis.logging.commons.JakartaCommonsLoggingImpl 54 debug - Transaction synchronization committing SqlSession [org.apache.ibatis.session.defaults.DefaultSqlSession@54e7391d]
2022.05.19 at 10:37:08 CST DEBUG org.apache.ibatis.logging.commons.JakartaCommonsLoggingImpl 54 debug - Transaction synchronization deregistering SqlSession [org.apache.ibatis.session.defaults.DefaultSqlSession@54e7391d]
2022.05.19 at 10:37:08 CST DEBUG org.apache.ibatis.logging.commons.JakartaCommonsLoggingImpl 54 debug - Transaction synchronization closing SqlSession [org.apache.ibatis.session.defaults.DefaultSqlSession@54e7391d]
2022.05.19 at 10:37:08 CST DEBUG org.springframework.transaction.support.AbstractPlatformTransactionManager 740 processCommit - Initiating transaction commit
2022.05.19 at 10:37:08 CST DEBUG org.springframework.jdbc.datasource.DataSourceTransactionManager 330 doCommit - Committing JDBC transaction on Connection [com.mysql.cj.jdbc.ConnectionImpl@251f7d26]
2022.05.19 at 10:37:08 CST DEBUG org.springframework.jdbc.datasource.DataSourceTransactionManager 389 doCleanupAfterCompletion - Releasing JDBC Connection [com.mysql.cj.jdbc.ConnectionImpl@251f7d26] after transaction
2022.05.19 at 10:39:14 CST DEBUG org.springframework.context.support.AbstractApplicationContext 629 prepareRefresh - Refreshing org.springframework.context.support.ClassPathXmlApplicationContext@6a2b953e
2022.05.19 at 10:39:14 CST DEBUG org.springframework.context.annotation.ClassPathScanningCandidateComponentProvider 435 scanCandidateComponents - Identified candidate component class: file [C:\Users\ÍõÖÇ·æ\eclipse-workspace\vts\target\classes\xyz\crud1024\controller\GroupController.class]
2022.05.19 at 10:39:14 CST DEBUG org.springframework.context.annotation.ClassPathScanningCandidateComponentProvider 435 scanCandidateComponents - Identified candidate component class: file [C:\Users\ÍõÖÇ·æ\eclipse-workspace\vts\target\classes\xyz\crud1024\controller\IndexController.class]
2022.05.19 at 10:39:14 CST DEBUG org.springframework.context.annotation.ClassPathScanningCandidateComponentProvider 435 scanCandidateComponents - Identified candidate component class: file [C:\Users\ÍõÖÇ·æ\eclipse-workspace\vts\target\classes\xyz\crud1024\controller\NumController.class]
2022.05.19 at 10:39:14 CST DEBUG org.springframework.context.annotation.ClassPathScanningCandidateComponentProvider 435 scanCandidateComponents - Identified candidate component class: file [C:\Users\ÍõÖÇ·æ\eclipse-workspace\vts\target\classes\xyz\crud1024\controller\PersonController.class]
2022.05.19 at 10:39:14 CST DEBUG org.springframework.context.annotation.ClassPathScanningCandidateComponentProvider 435 scanCandidateComponents - Identified candidate component class: file [C:\Users\ÍõÖÇ·æ\eclipse-workspace\vts\target\classes\xyz\crud1024\controller\ScoreController.class]
2022.05.19 at 10:39:14 CST DEBUG org.springframework.context.annotation.ClassPathScanningCandidateComponentProvider 435 scanCandidateComponents - Identified candidate component class: file [C:\Users\ÍõÖÇ·æ\eclipse-workspace\vts\target\classes\xyz\crud1024\service\impl\GroupServiceImpl.class]
2022.05.19 at 10:39:14 CST DEBUG org.springframework.context.annotation.ClassPathScanningCandidateComponentProvider 435 scanCandidateComponents - Identified candidate component class: file [C:\Users\ÍõÖÇ·æ\eclipse-workspace\vts\target\classes\xyz\crud1024\service\impl\NumServiceImpl.class]
2022.05.19 at 10:39:14 CST DEBUG org.springframework.context.annotation.ClassPathScanningCandidateComponentProvider 435 scanCandidateComponents - Identified candidate component class: file [C:\Users\ÍõÖÇ·æ\eclipse-workspace\vts\target\classes\xyz\crud1024\service\impl\PersonServiceImpl.class]
2022.05.19 at 10:39:14 CST DEBUG org.springframework.context.annotation.ClassPathScanningCandidateComponentProvider 435 scanCandidateComponents - Identified candidate component class: file [C:\Users\ÍõÖÇ·æ\eclipse-workspace\vts\target\classes\xyz\crud1024\service\impl\ScoreServiceImpl.class]
2022.05.19 at 10:39:14 CST DEBUG org.springframework.beans.factory.xml.XmlBeanDefinitionReader 393 doLoadBeanDefinitions - Loaded 22 bean definitions from class path resource [applicationContext.xml]
2022.05.19 at 10:39:14 CST DEBUG org.springframework.beans.factory.support.DefaultSingletonBeanRegistry 225 getSingleton - Creating shared instance of singleton bean 'org.springframework.context.annotation.internalConfigurationAnnotationProcessor'
2022.05.19 at 10:39:15 CST DEBUG org.springframework.beans.factory.support.DefaultSingletonBeanRegistry 225 getSingleton - Creating shared instance of singleton bean 'org.mybatis.spring.mapper.MapperScannerConfigurer#0'
2022.05.19 at 10:39:15 CST DEBUG org.apache.ibatis.logging.commons.JakartaCommonsLoggingImpl 54 debug - Logging initialized using 'class org.apache.ibatis.logging.commons.JakartaCommonsLoggingImpl' adapter.
2022.05.19 at 10:39:15 CST DEBUG org.springframework.context.annotation.ClassPathScanningCandidateComponentProvider 435 scanCandidateComponents - Identified candidate component class: file [C:\Users\ÍõÖÇ·æ\eclipse-workspace\vts\target\classes\xyz\crud1024\dao\GroupMapper.class]
2022.05.19 at 10:39:15 CST DEBUG org.springframework.context.annotation.ClassPathScanningCandidateComponentProvider 435 scanCandidateComponents - Identified candidate component class: file [C:\Users\ÍõÖÇ·æ\eclipse-workspace\vts\target\classes\xyz\crud1024\dao\NumMapper.class]
2022.05.19 at 10:39:15 CST DEBUG org.springframework.context.annotation.ClassPathScanningCandidateComponentProvider 435 scanCandidateComponents - Identified candidate component class: file [C:\Users\ÍõÖÇ·æ\eclipse-workspace\vts\target\classes\xyz\crud1024\dao\PersonMapper.class]
2022.05.19 at 10:39:15 CST DEBUG org.springframework.context.annotation.ClassPathScanningCandidateComponentProvider 435 scanCandidateComponents - Identified candidate component class: file [C:\Users\ÍõÖÇ·æ\eclipse-workspace\vts\target\classes\xyz\crud1024\dao\ScoreMapper.class]
2022.05.19 at 10:39:15 CST DEBUG org.apache.ibatis.logging.commons.JakartaCommonsLoggingImpl 54 debug - Creating MapperFactoryBean with name 'groupMapper' and 'xyz.crud1024.dao.GroupMapper' mapperInterface
2022.05.19 at 10:39:15 CST DEBUG org.apache.ibatis.logging.commons.JakartaCommonsLoggingImpl 54 debug - Enabling autowire by type for MapperFactoryBean with name 'groupMapper'.
2022.05.19 at 10:39:15 CST DEBUG org.apache.ibatis.logging.commons.JakartaCommonsLoggingImpl 54 debug - Creating MapperFactoryBean with name 'numMapper' and 'xyz.crud1024.dao.NumMapper' mapperInterface
2022.05.19 at 10:39:15 CST DEBUG org.apache.ibatis.logging.commons.JakartaCommonsLoggingImpl 54 debug - Enabling autowire by type for MapperFactoryBean with name 'numMapper'.
2022.05.19 at 10:39:15 CST DEBUG org.apache.ibatis.logging.commons.JakartaCommonsLoggingImpl 54 debug - Creating MapperFactoryBean with name 'personMapper' and 'xyz.crud1024.dao.PersonMapper' mapperInterface
2022.05.19 at 10:39:15 CST DEBUG org.apache.ibatis.logging.commons.JakartaCommonsLoggingImpl 54 debug - Enabling autowire by type for MapperFactoryBean with name 'personMapper'.
2022.05.19 at 10:39:15 CST DEBUG org.apache.ibatis.logging.commons.JakartaCommonsLoggingImpl 54 debug - Creating MapperFactoryBean with name 'scoreMapper' and 'xyz.crud1024.dao.ScoreMapper' mapperInterface
2022.05.19 at 10:39:15 CST DEBUG org.apache.ibatis.logging.commons.JakartaCommonsLoggingImpl 54 debug - Enabling autowire by type for MapperFactoryBean with name 'scoreMapper'.
2022.05.19 at 10:39:15 CST DEBUG org.springframework.beans.factory.support.DefaultSingletonBeanRegistry 225 getSingleton - Creating shared instance of singleton bean 'org.springframework.context.event.internalEventListenerProcessor'
2022.05.19 at 10:39:15 CST DEBUG org.springframework.beans.factory.support.DefaultSingletonBeanRegistry 225 getSingleton - Creating shared instance of singleton bean 'org.springframework.context.event.internalEventListenerFactory'
2022.05.19 at 10:39:15 CST DEBUG org.springframework.beans.factory.support.DefaultSingletonBeanRegistry 225 getSingleton - Creating shared instance of singleton bean 'org.springframework.context.annotation.internalAutowiredAnnotationProcessor'
2022.05.19 at 10:39:15 CST DEBUG org.springframework.beans.factory.support.DefaultSingletonBeanRegistry 225 getSingleton - Creating shared instance of singleton bean 'org.springframework.context.annotation.internalCommonAnnotationProcessor'
2022.05.19 at 10:39:15 CST DEBUG org.springframework.beans.factory.support.DefaultSingletonBeanRegistry 225 getSingleton - Creating shared instance of singleton bean 'org.springframework.aop.config.internalAutoProxyCreator'
2022.05.19 at 10:39:15 CST DEBUG org.springframework.beans.factory.support.DefaultSingletonBeanRegistry 225 getSingleton - Creating shared instance of singleton bean 'groupController'
2022.05.19 at 10:39:15 CST DEBUG org.springframework.beans.factory.support.DefaultSingletonBeanRegistry 225 getSingleton - Creating shared instance of singleton bean 'org.springframework.aop.support.DefaultBeanFactoryPointcutAdvisor#0'
2022.05.19 at 10:39:15 CST DEBUG org.springframework.beans.factory.support.DefaultSingletonBeanRegistry 225 getSingleton - Creating shared instance of singleton bean 'groupService'
2022.05.19 at 10:39:15 CST DEBUG org.springframework.beans.factory.support.DefaultSingletonBeanRegistry 225 getSingleton - Creating shared instance of singleton bean 'groupMapper'
2022.05.19 at 10:39:15 CST DEBUG org.springframework.beans.factory.support.DefaultSingletonBeanRegistry 225 getSingleton - Creating shared instance of singleton bean 'factory'
2022.05.19 at 10:39:15 CST DEBUG org.springframework.beans.factory.support.DefaultSingletonBeanRegistry 225 getSingleton - Creating shared instance of singleton bean 'dataSource'
2022.05.19 at 10:39:15 CST DEBUG org.springframework.jdbc.datasource.DriverManagerDataSource 134 setDriverClassName - Loaded JDBC driver: com.mysql.cj.jdbc.Driver
2022.05.19 at 10:39:15 CST DEBUG org.apache.ibatis.logging.commons.JakartaCommonsLoggingImpl 54 debug - Parsed configuration file: 'class path resource [mybatis-config.xml]'
2022.05.19 at 10:39:15 CST DEBUG org.apache.ibatis.logging.commons.JakartaCommonsLoggingImpl 54 debug - Parsed mapper file: 'file [C:\Users\ÍõÖÇ·æ\eclipse-workspace\vts\target\classes\mapper\groupMapper.xml]'
2022.05.19 at 10:39:15 CST DEBUG org.apache.ibatis.logging.commons.JakartaCommonsLoggingImpl 54 debug - Parsed mapper file: 'file [C:\Users\ÍõÖÇ·æ\eclipse-workspace\vts\target\classes\mapper\numMapper.xml]'
2022.05.19 at 10:39:15 CST DEBUG org.apache.ibatis.logging.commons.JakartaCommonsLoggingImpl 54 debug - Parsed mapper file: 'file [C:\Users\ÍõÖÇ·æ\eclipse-workspace\vts\target\classes\mapper\personMapper.xml]'
2022.05.19 at 10:39:15 CST DEBUG org.apache.ibatis.logging.commons.JakartaCommonsLoggingImpl 54 debug - Parsed mapper file: 'file [C:\Users\ÍõÖÇ·æ\eclipse-workspace\vts\target\classes\mapper\scoreMapper.xml]'
2022.05.19 at 10:39:15 CST DEBUG org.springframework.beans.factory.support.DefaultSingletonBeanRegistry 225 getSingleton - Creating shared instance of singleton bean 'txAdvice'
2022.05.19 at 10:39:15 CST DEBUG org.springframework.beans.factory.support.DefaultSingletonBeanRegistry 225 getSingleton - Creating shared instance of singleton bean 'transactionManager'
2022.05.19 at 10:39:15 CST DEBUG org.springframework.transaction.interceptor.NameMatchTransactionAttributeSource 102 addTransactionalMethod - Adding transactional method [*] with attribute [PROPAGATION_REQUIRED,ISOLATION_DEFAULT]
2022.05.19 at 10:39:15 CST DEBUG org.springframework.beans.factory.support.DefaultSingletonBeanRegistry 225 getSingleton - Creating shared instance of singleton bean 'indexController'
2022.05.19 at 10:39:15 CST DEBUG org.springframework.beans.factory.support.DefaultSingletonBeanRegistry 225 getSingleton - Creating shared instance of singleton bean 'personService'
2022.05.19 at 10:39:15 CST DEBUG org.springframework.beans.factory.support.DefaultSingletonBeanRegistry 225 getSingleton - Creating shared instance of singleton bean 'personMapper'
2022.05.19 at 10:39:15 CST DEBUG org.springframework.beans.factory.support.DefaultSingletonBeanRegistry 225 getSingleton - Creating shared instance of singleton bean 'scoreService'
2022.05.19 at 10:39:15 CST DEBUG org.springframework.beans.factory.support.DefaultSingletonBeanRegistry 225 getSingleton - Creating shared instance of singleton bean 'scoreMapper'
2022.05.19 at 10:39:15 CST DEBUG org.springframework.beans.factory.support.DefaultSingletonBeanRegistry 225 getSingleton - Creating shared instance of singleton bean 'numController'
2022.05.19 at 10:39:15 CST DEBUG org.springframework.beans.factory.support.DefaultSingletonBeanRegistry 225 getSingleton - Creating shared instance of singleton bean 'numService'
2022.05.19 at 10:39:15 CST DEBUG org.springframework.beans.factory.support.DefaultSingletonBeanRegistry 225 getSingleton - Creating shared instance of singleton bean 'numMapper'
2022.05.19 at 10:39:15 CST DEBUG org.springframework.beans.factory.support.DefaultSingletonBeanRegistry 225 getSingleton - Creating shared instance of singleton bean 'personController'
2022.05.19 at 10:39:15 CST DEBUG org.springframework.beans.factory.support.DefaultSingletonBeanRegistry 225 getSingleton - Creating shared instance of singleton bean 'scoreController'
2022.05.19 at 10:39:15 CST DEBUG org.springframework.transaction.support.AbstractPlatformTransactionManager 370 getTransaction - Creating new transaction with name [xyz.crud1024.service.impl.ScoreServiceImpl.findOfGroupAndNumAndPersonOfScore]: PROPAGATION_REQUIRED,ISOLATION_DEFAULT
2022.05.19 at 10:39:15 CST DEBUG org.springframework.jdbc.datasource.DriverManagerDataSource 144 getConnectionFromDriver - Creating new JDBC DriverManager Connection to [jdbc:mysql://localhost:3306/vtsdb?serverTimezone=UTC]
2022.05.19 at 10:39:15 CST DEBUG org.springframework.jdbc.datasource.DataSourceTransactionManager 267 doBegin - Acquired Connection [com.mysql.cj.jdbc.ConnectionImpl@251f7d26] for JDBC transaction
2022.05.19 at 10:39:15 CST DEBUG org.springframework.jdbc.datasource.DataSourceTransactionManager 285 doBegin - Switching JDBC Connection [com.mysql.cj.jdbc.ConnectionImpl@251f7d26] to manual commit
2022.05.19 at 10:39:15 CST DEBUG org.apache.ibatis.logging.commons.JakartaCommonsLoggingImpl 54 debug - Creating a new SqlSession
2022.05.19 at 10:39:15 CST DEBUG org.apache.ibatis.logging.commons.JakartaCommonsLoggingImpl 54 debug - Registering transaction synchronization for SqlSession [org.apache.ibatis.session.defaults.DefaultSqlSession@54e7391d]
2022.05.19 at 10:39:15 CST DEBUG org.apache.ibatis.logging.commons.JakartaCommonsLoggingImpl 54 debug - JDBC Connection [com.mysql.cj.jdbc.ConnectionImpl@251f7d26] will be managed by Spring
2022.05.19 at 10:39:15 CST DEBUG org.apache.ibatis.logging.commons.JakartaCommonsLoggingImpl 54 debug - ==>  Preparing: SELECT score.s_pid, SUM(score.snum) AS num FROM score WHERE score.s_cid = ? AND score.s_gid = ? GROUP BY score.s_pid 
2022.05.19 at 10:39:15 CST DEBUG org.apache.ibatis.logging.commons.JakartaCommonsLoggingImpl 54 debug - ==> Parameters: 1(Integer), 1(Integer)
2022.05.19 at 10:39:15 CST DEBUG org.apache.ibatis.logging.commons.JakartaCommonsLoggingImpl 54 debug - <==      Total: 6
2022.05.19 at 10:39:15 CST DEBUG org.apache.ibatis.logging.commons.JakartaCommonsLoggingImpl 54 debug - Releasing transactional SqlSession [org.apache.ibatis.session.defaults.DefaultSqlSession@54e7391d]
2022.05.19 at 10:39:15 CST DEBUG org.apache.ibatis.logging.commons.JakartaCommonsLoggingImpl 54 debug - Transaction synchronization committing SqlSession [org.apache.ibatis.session.defaults.DefaultSqlSession@54e7391d]
2022.05.19 at 10:39:15 CST DEBUG org.apache.ibatis.logging.commons.JakartaCommonsLoggingImpl 54 debug - Transaction synchronization deregistering SqlSession [org.apache.ibatis.session.defaults.DefaultSqlSession@54e7391d]
2022.05.19 at 10:39:15 CST DEBUG org.apache.ibatis.logging.commons.JakartaCommonsLoggingImpl 54 debug - Transaction synchronization closing SqlSession [org.apache.ibatis.session.defaults.DefaultSqlSession@54e7391d]
2022.05.19 at 10:39:15 CST DEBUG org.springframework.transaction.support.AbstractPlatformTransactionManager 740 processCommit - Initiating transaction commit
2022.05.19 at 10:39:15 CST DEBUG org.springframework.jdbc.datasource.DataSourceTransactionManager 330 doCommit - Committing JDBC transaction on Connection [com.mysql.cj.jdbc.ConnectionImpl@251f7d26]
2022.05.19 at 10:39:15 CST DEBUG org.springframework.jdbc.datasource.DataSourceTransactionManager 389 doCleanupAfterCompletion - Releasing JDBC Connection [com.mysql.cj.jdbc.ConnectionImpl@251f7d26] after transaction
2022.05.19 at 10:39:55 CST DEBUG org.springframework.context.support.AbstractApplicationContext 629 prepareRefresh - Refreshing org.springframework.context.support.ClassPathXmlApplicationContext@6a2b953e
2022.05.19 at 10:39:55 CST DEBUG org.springframework.context.annotation.ClassPathScanningCandidateComponentProvider 435 scanCandidateComponents - Identified candidate component class: file [C:\Users\ÍõÖÇ·æ\eclipse-workspace\vts\target\classes\xyz\crud1024\controller\GroupController.class]
2022.05.19 at 10:39:55 CST DEBUG org.springframework.context.annotation.ClassPathScanningCandidateComponentProvider 435 scanCandidateComponents - Identified candidate component class: file [C:\Users\ÍõÖÇ·æ\eclipse-workspace\vts\target\classes\xyz\crud1024\controller\IndexController.class]
2022.05.19 at 10:39:55 CST DEBUG org.springframework.context.annotation.ClassPathScanningCandidateComponentProvider 435 scanCandidateComponents - Identified candidate component class: file [C:\Users\ÍõÖÇ·æ\eclipse-workspace\vts\target\classes\xyz\crud1024\controller\NumController.class]
2022.05.19 at 10:39:55 CST DEBUG org.springframework.context.annotation.ClassPathScanningCandidateComponentProvider 435 scanCandidateComponents - Identified candidate component class: file [C:\Users\ÍõÖÇ·æ\eclipse-workspace\vts\target\classes\xyz\crud1024\controller\PersonController.class]
2022.05.19 at 10:39:55 CST DEBUG org.springframework.context.annotation.ClassPathScanningCandidateComponentProvider 435 scanCandidateComponents - Identified candidate component class: file [C:\Users\ÍõÖÇ·æ\eclipse-workspace\vts\target\classes\xyz\crud1024\controller\ScoreController.class]
2022.05.19 at 10:39:55 CST DEBUG org.springframework.context.annotation.ClassPathScanningCandidateComponentProvider 435 scanCandidateComponents - Identified candidate component class: file [C:\Users\ÍõÖÇ·æ\eclipse-workspace\vts\target\classes\xyz\crud1024\service\impl\GroupServiceImpl.class]
2022.05.19 at 10:39:55 CST DEBUG org.springframework.context.annotation.ClassPathScanningCandidateComponentProvider 435 scanCandidateComponents - Identified candidate component class: file [C:\Users\ÍõÖÇ·æ\eclipse-workspace\vts\target\classes\xyz\crud1024\service\impl\NumServiceImpl.class]
2022.05.19 at 10:39:55 CST DEBUG org.springframework.context.annotation.ClassPathScanningCandidateComponentProvider 435 scanCandidateComponents - Identified candidate component class: file [C:\Users\ÍõÖÇ·æ\eclipse-workspace\vts\target\classes\xyz\crud1024\service\impl\PersonServiceImpl.class]
2022.05.19 at 10:39:55 CST DEBUG org.springframework.context.annotation.ClassPathScanningCandidateComponentProvider 435 scanCandidateComponents - Identified candidate component class: file [C:\Users\ÍõÖÇ·æ\eclipse-workspace\vts\target\classes\xyz\crud1024\service\impl\ScoreServiceImpl.class]
2022.05.19 at 10:39:56 CST DEBUG org.springframework.beans.factory.xml.XmlBeanDefinitionReader 393 doLoadBeanDefinitions - Loaded 22 bean definitions from class path resource [applicationContext.xml]
2022.05.19 at 10:39:56 CST DEBUG org.springframework.beans.factory.support.DefaultSingletonBeanRegistry 225 getSingleton - Creating shared instance of singleton bean 'org.springframework.context.annotation.internalConfigurationAnnotationProcessor'
2022.05.19 at 10:39:56 CST DEBUG org.springframework.beans.factory.support.DefaultSingletonBeanRegistry 225 getSingleton - Creating shared instance of singleton bean 'org.mybatis.spring.mapper.MapperScannerConfigurer#0'
2022.05.19 at 10:39:56 CST DEBUG org.apache.ibatis.logging.commons.JakartaCommonsLoggingImpl 54 debug - Logging initialized using 'class org.apache.ibatis.logging.commons.JakartaCommonsLoggingImpl' adapter.
2022.05.19 at 10:39:56 CST DEBUG org.springframework.context.annotation.ClassPathScanningCandidateComponentProvider 435 scanCandidateComponents - Identified candidate component class: file [C:\Users\ÍõÖÇ·æ\eclipse-workspace\vts\target\classes\xyz\crud1024\dao\GroupMapper.class]
2022.05.19 at 10:39:56 CST DEBUG org.springframework.context.annotation.ClassPathScanningCandidateComponentProvider 435 scanCandidateComponents - Identified candidate component class: file [C:\Users\ÍõÖÇ·æ\eclipse-workspace\vts\target\classes\xyz\crud1024\dao\NumMapper.class]
2022.05.19 at 10:39:56 CST DEBUG org.springframework.context.annotation.ClassPathScanningCandidateComponentProvider 435 scanCandidateComponents - Identified candidate component class: file [C:\Users\ÍõÖÇ·æ\eclipse-workspace\vts\target\classes\xyz\crud1024\dao\PersonMapper.class]
2022.05.19 at 10:39:56 CST DEBUG org.springframework.context.annotation.ClassPathScanningCandidateComponentProvider 435 scanCandidateComponents - Identified candidate component class: file [C:\Users\ÍõÖÇ·æ\eclipse-workspace\vts\target\classes\xyz\crud1024\dao\ScoreMapper.class]
2022.05.19 at 10:39:56 CST DEBUG org.apache.ibatis.logging.commons.JakartaCommonsLoggingImpl 54 debug - Creating MapperFactoryBean with name 'groupMapper' and 'xyz.crud1024.dao.GroupMapper' mapperInterface
2022.05.19 at 10:39:56 CST DEBUG org.apache.ibatis.logging.commons.JakartaCommonsLoggingImpl 54 debug - Enabling autowire by type for MapperFactoryBean with name 'groupMapper'.
2022.05.19 at 10:39:56 CST DEBUG org.apache.ibatis.logging.commons.JakartaCommonsLoggingImpl 54 debug - Creating MapperFactoryBean with name 'numMapper' and 'xyz.crud1024.dao.NumMapper' mapperInterface
2022.05.19 at 10:39:56 CST DEBUG org.apache.ibatis.logging.commons.JakartaCommonsLoggingImpl 54 debug - Enabling autowire by type for MapperFactoryBean with name 'numMapper'.
2022.05.19 at 10:39:56 CST DEBUG org.apache.ibatis.logging.commons.JakartaCommonsLoggingImpl 54 debug - Creating MapperFactoryBean with name 'personMapper' and 'xyz.crud1024.dao.PersonMapper' mapperInterface
2022.05.19 at 10:39:56 CST DEBUG org.apache.ibatis.logging.commons.JakartaCommonsLoggingImpl 54 debug - Enabling autowire by type for MapperFactoryBean with name 'personMapper'.
2022.05.19 at 10:39:56 CST DEBUG org.apache.ibatis.logging.commons.JakartaCommonsLoggingImpl 54 debug - Creating MapperFactoryBean with name 'scoreMapper' and 'xyz.crud1024.dao.ScoreMapper' mapperInterface
2022.05.19 at 10:39:56 CST DEBUG org.apache.ibatis.logging.commons.JakartaCommonsLoggingImpl 54 debug - Enabling autowire by type for MapperFactoryBean with name 'scoreMapper'.
2022.05.19 at 10:39:56 CST DEBUG org.springframework.beans.factory.support.DefaultSingletonBeanRegistry 225 getSingleton - Creating shared instance of singleton bean 'org.springframework.context.event.internalEventListenerProcessor'
2022.05.19 at 10:39:56 CST DEBUG org.springframework.beans.factory.support.DefaultSingletonBeanRegistry 225 getSingleton - Creating shared instance of singleton bean 'org.springframework.context.event.internalEventListenerFactory'
2022.05.19 at 10:39:56 CST DEBUG org.springframework.beans.factory.support.DefaultSingletonBeanRegistry 225 getSingleton - Creating shared instance of singleton bean 'org.springframework.context.annotation.internalAutowiredAnnotationProcessor'
2022.05.19 at 10:39:56 CST DEBUG org.springframework.beans.factory.support.DefaultSingletonBeanRegistry 225 getSingleton - Creating shared instance of singleton bean 'org.springframework.context.annotation.internalCommonAnnotationProcessor'
2022.05.19 at 10:39:56 CST DEBUG org.springframework.beans.factory.support.DefaultSingletonBeanRegistry 225 getSingleton - Creating shared instance of singleton bean 'org.springframework.aop.config.internalAutoProxyCreator'
2022.05.19 at 10:39:56 CST DEBUG org.springframework.beans.factory.support.DefaultSingletonBeanRegistry 225 getSingleton - Creating shared instance of singleton bean 'groupController'
2022.05.19 at 10:39:56 CST DEBUG org.springframework.beans.factory.support.DefaultSingletonBeanRegistry 225 getSingleton - Creating shared instance of singleton bean 'org.springframework.aop.support.DefaultBeanFactoryPointcutAdvisor#0'
2022.05.19 at 10:39:56 CST DEBUG org.springframework.beans.factory.support.DefaultSingletonBeanRegistry 225 getSingleton - Creating shared instance of singleton bean 'groupService'
2022.05.19 at 10:39:56 CST DEBUG org.springframework.beans.factory.support.DefaultSingletonBeanRegistry 225 getSingleton - Creating shared instance of singleton bean 'groupMapper'
2022.05.19 at 10:39:56 CST DEBUG org.springframework.beans.factory.support.DefaultSingletonBeanRegistry 225 getSingleton - Creating shared instance of singleton bean 'factory'
2022.05.19 at 10:39:56 CST DEBUG org.springframework.beans.factory.support.DefaultSingletonBeanRegistry 225 getSingleton - Creating shared instance of singleton bean 'dataSource'
2022.05.19 at 10:39:56 CST DEBUG org.springframework.jdbc.datasource.DriverManagerDataSource 134 setDriverClassName - Loaded JDBC driver: com.mysql.cj.jdbc.Driver
2022.05.19 at 10:39:56 CST DEBUG org.apache.ibatis.logging.commons.JakartaCommonsLoggingImpl 54 debug - Parsed configuration file: 'class path resource [mybatis-config.xml]'
2022.05.19 at 10:39:56 CST DEBUG org.apache.ibatis.logging.commons.JakartaCommonsLoggingImpl 54 debug - Parsed mapper file: 'file [C:\Users\ÍõÖÇ·æ\eclipse-workspace\vts\target\classes\mapper\groupMapper.xml]'
2022.05.19 at 10:39:56 CST DEBUG org.apache.ibatis.logging.commons.JakartaCommonsLoggingImpl 54 debug - Parsed mapper file: 'file [C:\Users\ÍõÖÇ·æ\eclipse-workspace\vts\target\classes\mapper\numMapper.xml]'
2022.05.19 at 10:39:56 CST DEBUG org.apache.ibatis.logging.commons.JakartaCommonsLoggingImpl 54 debug - Parsed mapper file: 'file [C:\Users\ÍõÖÇ·æ\eclipse-workspace\vts\target\classes\mapper\personMapper.xml]'
2022.05.19 at 10:39:56 CST DEBUG org.apache.ibatis.logging.commons.JakartaCommonsLoggingImpl 54 debug - Parsed mapper file: 'file [C:\Users\ÍõÖÇ·æ\eclipse-workspace\vts\target\classes\mapper\scoreMapper.xml]'
2022.05.19 at 10:39:56 CST DEBUG org.springframework.beans.factory.support.DefaultSingletonBeanRegistry 225 getSingleton - Creating shared instance of singleton bean 'txAdvice'
2022.05.19 at 10:39:56 CST DEBUG org.springframework.beans.factory.support.DefaultSingletonBeanRegistry 225 getSingleton - Creating shared instance of singleton bean 'transactionManager'
2022.05.19 at 10:39:56 CST DEBUG org.springframework.transaction.interceptor.NameMatchTransactionAttributeSource 102 addTransactionalMethod - Adding transactional method [*] with attribute [PROPAGATION_REQUIRED,ISOLATION_DEFAULT]
2022.05.19 at 10:39:56 CST DEBUG org.springframework.beans.factory.support.DefaultSingletonBeanRegistry 225 getSingleton - Creating shared instance of singleton bean 'indexController'
2022.05.19 at 10:39:56 CST DEBUG org.springframework.beans.factory.support.DefaultSingletonBeanRegistry 225 getSingleton - Creating shared instance of singleton bean 'personService'
2022.05.19 at 10:39:56 CST DEBUG org.springframework.beans.factory.support.DefaultSingletonBeanRegistry 225 getSingleton - Creating shared instance of singleton bean 'personMapper'
2022.05.19 at 10:39:56 CST DEBUG org.springframework.beans.factory.support.DefaultSingletonBeanRegistry 225 getSingleton - Creating shared instance of singleton bean 'scoreService'
2022.05.19 at 10:39:56 CST DEBUG org.springframework.beans.factory.support.DefaultSingletonBeanRegistry 225 getSingleton - Creating shared instance of singleton bean 'scoreMapper'
2022.05.19 at 10:39:56 CST DEBUG org.springframework.beans.factory.support.DefaultSingletonBeanRegistry 225 getSingleton - Creating shared instance of singleton bean 'numController'
2022.05.19 at 10:39:56 CST DEBUG org.springframework.beans.factory.support.DefaultSingletonBeanRegistry 225 getSingleton - Creating shared instance of singleton bean 'numService'
2022.05.19 at 10:39:56 CST DEBUG org.springframework.beans.factory.support.DefaultSingletonBeanRegistry 225 getSingleton - Creating shared instance of singleton bean 'numMapper'
2022.05.19 at 10:39:56 CST DEBUG org.springframework.beans.factory.support.DefaultSingletonBeanRegistry 225 getSingleton - Creating shared instance of singleton bean 'personController'
2022.05.19 at 10:39:56 CST DEBUG org.springframework.beans.factory.support.DefaultSingletonBeanRegistry 225 getSingleton - Creating shared instance of singleton bean 'scoreController'
2022.05.19 at 10:39:56 CST DEBUG org.springframework.transaction.support.AbstractPlatformTransactionManager 370 getTransaction - Creating new transaction with name [xyz.crud1024.service.impl.ScoreServiceImpl.findOfGroupAndNumAndPersonOfScore]: PROPAGATION_REQUIRED,ISOLATION_DEFAULT
2022.05.19 at 10:39:56 CST DEBUG org.springframework.jdbc.datasource.DriverManagerDataSource 144 getConnectionFromDriver - Creating new JDBC DriverManager Connection to [jdbc:mysql://localhost:3306/vtsdb?serverTimezone=UTC]
2022.05.19 at 10:39:56 CST DEBUG org.springframework.jdbc.datasource.DataSourceTransactionManager 267 doBegin - Acquired Connection [com.mysql.cj.jdbc.ConnectionImpl@251f7d26] for JDBC transaction
2022.05.19 at 10:39:56 CST DEBUG org.springframework.jdbc.datasource.DataSourceTransactionManager 285 doBegin - Switching JDBC Connection [com.mysql.cj.jdbc.ConnectionImpl@251f7d26] to manual commit
2022.05.19 at 10:39:56 CST DEBUG org.apache.ibatis.logging.commons.JakartaCommonsLoggingImpl 54 debug - Creating a new SqlSession
2022.05.19 at 10:39:56 CST DEBUG org.apache.ibatis.logging.commons.JakartaCommonsLoggingImpl 54 debug - Registering transaction synchronization for SqlSession [org.apache.ibatis.session.defaults.DefaultSqlSession@54e7391d]
2022.05.19 at 10:39:56 CST DEBUG org.apache.ibatis.logging.commons.JakartaCommonsLoggingImpl 54 debug - JDBC Connection [com.mysql.cj.jdbc.ConnectionImpl@251f7d26] will be managed by Spring
2022.05.19 at 10:39:56 CST DEBUG org.apache.ibatis.logging.commons.JakartaCommonsLoggingImpl 54 debug - ==>  Preparing: SELECT score.s_pid, SUM(score.snum) AS snum FROM score WHERE score.s_cid = ? AND score.s_gid = ? GROUP BY score.s_pid 
2022.05.19 at 10:39:56 CST DEBUG org.apache.ibatis.logging.commons.JakartaCommonsLoggingImpl 54 debug - ==> Parameters: 1(Integer), 1(Integer)
2022.05.19 at 10:39:56 CST DEBUG org.apache.ibatis.logging.commons.JakartaCommonsLoggingImpl 54 debug - <==      Total: 6
2022.05.19 at 10:39:56 CST DEBUG org.apache.ibatis.logging.commons.JakartaCommonsLoggingImpl 54 debug - Releasing transactional SqlSession [org.apache.ibatis.session.defaults.DefaultSqlSession@54e7391d]
2022.05.19 at 10:39:56 CST DEBUG org.apache.ibatis.logging.commons.JakartaCommonsLoggingImpl 54 debug - Transaction synchronization committing SqlSession [org.apache.ibatis.session.defaults.DefaultSqlSession@54e7391d]
2022.05.19 at 10:39:56 CST DEBUG org.apache.ibatis.logging.commons.JakartaCommonsLoggingImpl 54 debug - Transaction synchronization deregistering SqlSession [org.apache.ibatis.session.defaults.DefaultSqlSession@54e7391d]
2022.05.19 at 10:39:56 CST DEBUG org.apache.ibatis.logging.commons.JakartaCommonsLoggingImpl 54 debug - Transaction synchronization closing SqlSession [org.apache.ibatis.session.defaults.DefaultSqlSession@54e7391d]
2022.05.19 at 10:39:56 CST DEBUG org.springframework.transaction.support.AbstractPlatformTransactionManager 740 processCommit - Initiating transaction commit
2022.05.19 at 10:39:56 CST DEBUG org.springframework.jdbc.datasource.DataSourceTransactionManager 330 doCommit - Committing JDBC transaction on Connection [com.mysql.cj.jdbc.ConnectionImpl@251f7d26]
2022.05.19 at 10:39:56 CST DEBUG org.springframework.jdbc.datasource.DataSourceTransactionManager 389 doCleanupAfterCompletion - Releasing JDBC Connection [com.mysql.cj.jdbc.ConnectionImpl@251f7d26] after transaction
2022.05.19 at 10:46:47 CST DEBUG org.springframework.context.support.AbstractApplicationContext 629 prepareRefresh - Refreshing org.springframework.context.support.ClassPathXmlApplicationContext@6a2b953e
2022.05.19 at 10:46:47 CST DEBUG org.springframework.context.annotation.ClassPathScanningCandidateComponentProvider 435 scanCandidateComponents - Identified candidate component class: file [C:\Users\ÍõÖÇ·æ\eclipse-workspace\vts\target\classes\xyz\crud1024\controller\GroupController.class]
2022.05.19 at 10:46:47 CST DEBUG org.springframework.context.annotation.ClassPathScanningCandidateComponentProvider 435 scanCandidateComponents - Identified candidate component class: file [C:\Users\ÍõÖÇ·æ\eclipse-workspace\vts\target\classes\xyz\crud1024\controller\IndexController.class]
2022.05.19 at 10:46:47 CST DEBUG org.springframework.context.annotation.ClassPathScanningCandidateComponentProvider 435 scanCandidateComponents - Identified candidate component class: file [C:\Users\ÍõÖÇ·æ\eclipse-workspace\vts\target\classes\xyz\crud1024\controller\NumController.class]
2022.05.19 at 10:46:47 CST DEBUG org.springframework.context.annotation.ClassPathScanningCandidateComponentProvider 435 scanCandidateComponents - Identified candidate component class: file [C:\Users\ÍõÖÇ·æ\eclipse-workspace\vts\target\classes\xyz\crud1024\controller\PersonController.class]
2022.05.19 at 10:46:47 CST DEBUG org.springframework.context.annotation.ClassPathScanningCandidateComponentProvider 435 scanCandidateComponents - Identified candidate component class: file [C:\Users\ÍõÖÇ·æ\eclipse-workspace\vts\target\classes\xyz\crud1024\controller\ScoreController.class]
2022.05.19 at 10:46:47 CST DEBUG org.springframework.context.annotation.ClassPathScanningCandidateComponentProvider 435 scanCandidateComponents - Identified candidate component class: file [C:\Users\ÍõÖÇ·æ\eclipse-workspace\vts\target\classes\xyz\crud1024\service\impl\GroupServiceImpl.class]
2022.05.19 at 10:46:47 CST DEBUG org.springframework.context.annotation.ClassPathScanningCandidateComponentProvider 435 scanCandidateComponents - Identified candidate component class: file [C:\Users\ÍõÖÇ·æ\eclipse-workspace\vts\target\classes\xyz\crud1024\service\impl\NumServiceImpl.class]
2022.05.19 at 10:46:47 CST DEBUG org.springframework.context.annotation.ClassPathScanningCandidateComponentProvider 435 scanCandidateComponents - Identified candidate component class: file [C:\Users\ÍõÖÇ·æ\eclipse-workspace\vts\target\classes\xyz\crud1024\service\impl\PersonServiceImpl.class]
2022.05.19 at 10:46:47 CST DEBUG org.springframework.context.annotation.ClassPathScanningCandidateComponentProvider 435 scanCandidateComponents - Identified candidate component class: file [C:\Users\ÍõÖÇ·æ\eclipse-workspace\vts\target\classes\xyz\crud1024\service\impl\ScoreServiceImpl.class]
2022.05.19 at 10:46:47 CST DEBUG org.springframework.beans.factory.xml.XmlBeanDefinitionReader 393 doLoadBeanDefinitions - Loaded 22 bean definitions from class path resource [applicationContext.xml]
2022.05.19 at 10:46:47 CST DEBUG org.springframework.beans.factory.support.DefaultSingletonBeanRegistry 225 getSingleton - Creating shared instance of singleton bean 'org.springframework.context.annotation.internalConfigurationAnnotationProcessor'
2022.05.19 at 10:46:47 CST DEBUG org.springframework.beans.factory.support.DefaultSingletonBeanRegistry 225 getSingleton - Creating shared instance of singleton bean 'org.mybatis.spring.mapper.MapperScannerConfigurer#0'
2022.05.19 at 10:46:47 CST DEBUG org.apache.ibatis.logging.commons.JakartaCommonsLoggingImpl 54 debug - Logging initialized using 'class org.apache.ibatis.logging.commons.JakartaCommonsLoggingImpl' adapter.
2022.05.19 at 10:46:47 CST DEBUG org.springframework.context.annotation.ClassPathScanningCandidateComponentProvider 435 scanCandidateComponents - Identified candidate component class: file [C:\Users\ÍõÖÇ·æ\eclipse-workspace\vts\target\classes\xyz\crud1024\dao\GroupMapper.class]
2022.05.19 at 10:46:47 CST DEBUG org.springframework.context.annotation.ClassPathScanningCandidateComponentProvider 435 scanCandidateComponents - Identified candidate component class: file [C:\Users\ÍõÖÇ·æ\eclipse-workspace\vts\target\classes\xyz\crud1024\dao\NumMapper.class]
2022.05.19 at 10:46:47 CST DEBUG org.springframework.context.annotation.ClassPathScanningCandidateComponentProvider 435 scanCandidateComponents - Identified candidate component class: file [C:\Users\ÍõÖÇ·æ\eclipse-workspace\vts\target\classes\xyz\crud1024\dao\PersonMapper.class]
2022.05.19 at 10:46:47 CST DEBUG org.springframework.context.annotation.ClassPathScanningCandidateComponentProvider 435 scanCandidateComponents - Identified candidate component class: file [C:\Users\ÍõÖÇ·æ\eclipse-workspace\vts\target\classes\xyz\crud1024\dao\ScoreMapper.class]
2022.05.19 at 10:46:47 CST DEBUG org.apache.ibatis.logging.commons.JakartaCommonsLoggingImpl 54 debug - Creating MapperFactoryBean with name 'groupMapper' and 'xyz.crud1024.dao.GroupMapper' mapperInterface
2022.05.19 at 10:46:47 CST DEBUG org.apache.ibatis.logging.commons.JakartaCommonsLoggingImpl 54 debug - Enabling autowire by type for MapperFactoryBean with name 'groupMapper'.
2022.05.19 at 10:46:47 CST DEBUG org.apache.ibatis.logging.commons.JakartaCommonsLoggingImpl 54 debug - Creating MapperFactoryBean with name 'numMapper' and 'xyz.crud1024.dao.NumMapper' mapperInterface
2022.05.19 at 10:46:47 CST DEBUG org.apache.ibatis.logging.commons.JakartaCommonsLoggingImpl 54 debug - Enabling autowire by type for MapperFactoryBean with name 'numMapper'.
2022.05.19 at 10:46:47 CST DEBUG org.apache.ibatis.logging.commons.JakartaCommonsLoggingImpl 54 debug - Creating MapperFactoryBean with name 'personMapper' and 'xyz.crud1024.dao.PersonMapper' mapperInterface
2022.05.19 at 10:46:47 CST DEBUG org.apache.ibatis.logging.commons.JakartaCommonsLoggingImpl 54 debug - Enabling autowire by type for MapperFactoryBean with name 'personMapper'.
2022.05.19 at 10:46:47 CST DEBUG org.apache.ibatis.logging.commons.JakartaCommonsLoggingImpl 54 debug - Creating MapperFactoryBean with name 'scoreMapper' and 'xyz.crud1024.dao.ScoreMapper' mapperInterface
2022.05.19 at 10:46:47 CST DEBUG org.apache.ibatis.logging.commons.JakartaCommonsLoggingImpl 54 debug - Enabling autowire by type for MapperFactoryBean with name 'scoreMapper'.
2022.05.19 at 10:46:47 CST DEBUG org.springframework.beans.factory.support.DefaultSingletonBeanRegistry 225 getSingleton - Creating shared instance of singleton bean 'org.springframework.context.event.internalEventListenerProcessor'
2022.05.19 at 10:46:47 CST DEBUG org.springframework.beans.factory.support.DefaultSingletonBeanRegistry 225 getSingleton - Creating shared instance of singleton bean 'org.springframework.context.event.internalEventListenerFactory'
2022.05.19 at 10:46:47 CST DEBUG org.springframework.beans.factory.support.DefaultSingletonBeanRegistry 225 getSingleton - Creating shared instance of singleton bean 'org.springframework.context.annotation.internalAutowiredAnnotationProcessor'
2022.05.19 at 10:46:47 CST DEBUG org.springframework.beans.factory.support.DefaultSingletonBeanRegistry 225 getSingleton - Creating shared instance of singleton bean 'org.springframework.context.annotation.internalCommonAnnotationProcessor'
2022.05.19 at 10:46:47 CST DEBUG org.springframework.beans.factory.support.DefaultSingletonBeanRegistry 225 getSingleton - Creating shared instance of singleton bean 'org.springframework.aop.config.internalAutoProxyCreator'
2022.05.19 at 10:46:47 CST DEBUG org.springframework.beans.factory.support.DefaultSingletonBeanRegistry 225 getSingleton - Creating shared instance of singleton bean 'groupController'
2022.05.19 at 10:46:47 CST DEBUG org.springframework.beans.factory.support.DefaultSingletonBeanRegistry 225 getSingleton - Creating shared instance of singleton bean 'org.springframework.aop.support.DefaultBeanFactoryPointcutAdvisor#0'
2022.05.19 at 10:46:47 CST DEBUG org.springframework.beans.factory.support.DefaultSingletonBeanRegistry 225 getSingleton - Creating shared instance of singleton bean 'groupService'
2022.05.19 at 10:46:47 CST DEBUG org.springframework.beans.factory.support.DefaultSingletonBeanRegistry 225 getSingleton - Creating shared instance of singleton bean 'groupMapper'
2022.05.19 at 10:46:47 CST DEBUG org.springframework.beans.factory.support.DefaultSingletonBeanRegistry 225 getSingleton - Creating shared instance of singleton bean 'factory'
2022.05.19 at 10:46:47 CST DEBUG org.springframework.beans.factory.support.DefaultSingletonBeanRegistry 225 getSingleton - Creating shared instance of singleton bean 'dataSource'
2022.05.19 at 10:46:47 CST DEBUG org.springframework.jdbc.datasource.DriverManagerDataSource 134 setDriverClassName - Loaded JDBC driver: com.mysql.cj.jdbc.Driver
2022.05.19 at 10:46:48 CST DEBUG org.apache.ibatis.logging.commons.JakartaCommonsLoggingImpl 54 debug - Parsed configuration file: 'class path resource [mybatis-config.xml]'
2022.05.19 at 10:46:48 CST DEBUG org.apache.ibatis.logging.commons.JakartaCommonsLoggingImpl 54 debug - Parsed mapper file: 'file [C:\Users\ÍõÖÇ·æ\eclipse-workspace\vts\target\classes\mapper\groupMapper.xml]'
2022.05.19 at 10:46:48 CST DEBUG org.apache.ibatis.logging.commons.JakartaCommonsLoggingImpl 54 debug - Parsed mapper file: 'file [C:\Users\ÍõÖÇ·æ\eclipse-workspace\vts\target\classes\mapper\numMapper.xml]'
2022.05.19 at 10:46:48 CST DEBUG org.apache.ibatis.logging.commons.JakartaCommonsLoggingImpl 54 debug - Parsed mapper file: 'file [C:\Users\ÍõÖÇ·æ\eclipse-workspace\vts\target\classes\mapper\personMapper.xml]'
2022.05.19 at 10:46:48 CST DEBUG org.apache.ibatis.logging.commons.JakartaCommonsLoggingImpl 54 debug - Parsed mapper file: 'file [C:\Users\ÍõÖÇ·æ\eclipse-workspace\vts\target\classes\mapper\scoreMapper.xml]'
2022.05.19 at 10:46:48 CST DEBUG org.springframework.beans.factory.support.DefaultSingletonBeanRegistry 225 getSingleton - Creating shared instance of singleton bean 'txAdvice'
2022.05.19 at 10:46:48 CST DEBUG org.springframework.beans.factory.support.DefaultSingletonBeanRegistry 225 getSingleton - Creating shared instance of singleton bean 'transactionManager'
2022.05.19 at 10:46:48 CST DEBUG org.springframework.transaction.interceptor.NameMatchTransactionAttributeSource 102 addTransactionalMethod - Adding transactional method [*] with attribute [PROPAGATION_REQUIRED,ISOLATION_DEFAULT]
2022.05.19 at 10:46:48 CST DEBUG org.springframework.beans.factory.support.DefaultSingletonBeanRegistry 225 getSingleton - Creating shared instance of singleton bean 'indexController'
2022.05.19 at 10:46:48 CST DEBUG org.springframework.beans.factory.support.DefaultSingletonBeanRegistry 225 getSingleton - Creating shared instance of singleton bean 'personService'
2022.05.19 at 10:46:48 CST DEBUG org.springframework.beans.factory.support.DefaultSingletonBeanRegistry 225 getSingleton - Creating shared instance of singleton bean 'personMapper'
2022.05.19 at 10:46:48 CST DEBUG org.springframework.beans.factory.support.DefaultSingletonBeanRegistry 225 getSingleton - Creating shared instance of singleton bean 'scoreService'
2022.05.19 at 10:46:48 CST DEBUG org.springframework.beans.factory.support.DefaultSingletonBeanRegistry 225 getSingleton - Creating shared instance of singleton bean 'scoreMapper'
2022.05.19 at 10:46:48 CST DEBUG org.springframework.beans.factory.support.DefaultSingletonBeanRegistry 225 getSingleton - Creating shared instance of singleton bean 'numController'
2022.05.19 at 10:46:48 CST DEBUG org.springframework.beans.factory.support.DefaultSingletonBeanRegistry 225 getSingleton - Creating shared instance of singleton bean 'numService'
2022.05.19 at 10:46:48 CST DEBUG org.springframework.beans.factory.support.DefaultSingletonBeanRegistry 225 getSingleton - Creating shared instance of singleton bean 'numMapper'
2022.05.19 at 10:46:48 CST DEBUG org.springframework.beans.factory.support.DefaultSingletonBeanRegistry 225 getSingleton - Creating shared instance of singleton bean 'personController'
2022.05.19 at 10:46:48 CST DEBUG org.springframework.beans.factory.support.DefaultSingletonBeanRegistry 225 getSingleton - Creating shared instance of singleton bean 'scoreController'
2022.05.19 at 10:46:48 CST DEBUG org.springframework.transaction.support.AbstractPlatformTransactionManager 370 getTransaction - Creating new transaction with name [xyz.crud1024.service.impl.ScoreServiceImpl.findOfGroupAndNumAndPersonOfScore]: PROPAGATION_REQUIRED,ISOLATION_DEFAULT
2022.05.19 at 10:46:48 CST DEBUG org.springframework.jdbc.datasource.DriverManagerDataSource 144 getConnectionFromDriver - Creating new JDBC DriverManager Connection to [jdbc:mysql://localhost:3306/vtsdb?serverTimezone=UTC]
2022.05.19 at 10:46:48 CST DEBUG org.springframework.jdbc.datasource.DataSourceTransactionManager 267 doBegin - Acquired Connection [com.mysql.cj.jdbc.ConnectionImpl@251f7d26] for JDBC transaction
2022.05.19 at 10:46:48 CST DEBUG org.springframework.jdbc.datasource.DataSourceTransactionManager 285 doBegin - Switching JDBC Connection [com.mysql.cj.jdbc.ConnectionImpl@251f7d26] to manual commit
2022.05.19 at 10:46:48 CST DEBUG org.apache.ibatis.logging.commons.JakartaCommonsLoggingImpl 54 debug - Creating a new SqlSession
2022.05.19 at 10:46:48 CST DEBUG org.apache.ibatis.logging.commons.JakartaCommonsLoggingImpl 54 debug - Registering transaction synchronization for SqlSession [org.apache.ibatis.session.defaults.DefaultSqlSession@54e7391d]
2022.05.19 at 10:46:48 CST DEBUG org.apache.ibatis.logging.commons.JakartaCommonsLoggingImpl 54 debug - JDBC Connection [com.mysql.cj.jdbc.ConnectionImpl@251f7d26] will be managed by Spring
2022.05.19 at 10:46:48 CST DEBUG org.apache.ibatis.logging.commons.JakartaCommonsLoggingImpl 54 debug - ==>  Preparing: SELECT score.s_pid, SUM(score.snum) AS snum FROM score WHERE score.s_cid = ? AND score.s_gid = ? GROUP BY score.s_pid 
2022.05.19 at 10:46:48 CST DEBUG org.apache.ibatis.logging.commons.JakartaCommonsLoggingImpl 54 debug - ==> Parameters: 1(Integer), 1(Integer)
2022.05.19 at 10:46:48 CST DEBUG org.apache.ibatis.logging.commons.JakartaCommonsLoggingImpl 54 debug - <==      Total: 6
2022.05.19 at 10:46:48 CST DEBUG org.apache.ibatis.logging.commons.JakartaCommonsLoggingImpl 54 debug - Releasing transactional SqlSession [org.apache.ibatis.session.defaults.DefaultSqlSession@54e7391d]
2022.05.19 at 10:46:48 CST DEBUG org.apache.ibatis.logging.commons.JakartaCommonsLoggingImpl 54 debug - Transaction synchronization committing SqlSession [org.apache.ibatis.session.defaults.DefaultSqlSession@54e7391d]
2022.05.19 at 10:46:48 CST DEBUG org.apache.ibatis.logging.commons.JakartaCommonsLoggingImpl 54 debug - Transaction synchronization deregistering SqlSession [org.apache.ibatis.session.defaults.DefaultSqlSession@54e7391d]
2022.05.19 at 10:46:48 CST DEBUG org.apache.ibatis.logging.commons.JakartaCommonsLoggingImpl 54 debug - Transaction synchronization closing SqlSession [org.apache.ibatis.session.defaults.DefaultSqlSession@54e7391d]
2022.05.19 at 10:46:48 CST DEBUG org.springframework.transaction.support.AbstractPlatformTransactionManager 740 processCommit - Initiating transaction commit
2022.05.19 at 10:46:48 CST DEBUG org.springframework.jdbc.datasource.DataSourceTransactionManager 330 doCommit - Committing JDBC transaction on Connection [com.mysql.cj.jdbc.ConnectionImpl@251f7d26]
2022.05.19 at 10:46:48 CST DEBUG org.springframework.jdbc.datasource.DataSourceTransactionManager 389 doCleanupAfterCompletion - Releasing JDBC Connection [com.mysql.cj.jdbc.ConnectionImpl@251f7d26] after transaction
